#
# There is insufficient memory for the Java Runtime Environment to continue.
# Native memory allocation (mmap) failed to map 132120576 bytes for G1 virtual space
# Possible reasons:
#   The system is out of physical RAM or swap space
#   The process is running with CompressedOops enabled, and the Java Heap may be blocking the growth of the native heap
# Possible solutions:
#   Reduce memory load on the system
#   Increase physical memory or swap space
#   Check if swap backing store is full
#   Decrease Java heap size (-Xmx/-Xms)
#   Decrease number of Java threads
#   Decrease Java thread stack sizes (-Xss)
#   Set larger code cache with -XX:ReservedCodeCacheSize=
#   JVM is running with Unscaled Compressed Oops mode in which the Java heap is
#     placed in the first 4GB address space. The Java Heap base address is the
#     maximum limit for the native heap growth. Please use -XX:HeapBaseMinAddress
#     to set the Java Heap base and to place the Java Heap above 4GB virtual address.
# This output file may be truncated or incomplete.
#
#  Out of Memory Error (os_windows.cpp:3548), pid=12696, tid=14816
#
# JRE version:  (17.0.5+8) (build )
# Java VM: OpenJDK 64-Bit Server VM (17.0.5+8, mixed mode, sharing, tiered, compressed oops, compressed class ptrs, g1 gc, windows-amd64)
# No core dump will be written. Minidumps are not enabled by default on client versions of Windows
#

---------------  S U M M A R Y ------------

Command Line: -XX:+ShowCodeDetailsInExceptionMessages -agentlib:jdwp=transport=dt_socket,suspend=y,address=localhost:54252 -javaagent:C:\Users\indra\eclipse\java-2022-092\eclipse\configuration\org.eclipse.osgi\228\0\.cp\lib\javaagent-shaded.jar -Dfile.encoding=UTF-8 --module-path=C:\Users\indra\eclipse-workspace\exceptionhandeling\bin -Djdk.module.main=exceptionhandeling exceptionhandeling/exceptionhandeling.Demo

Host: Intel(R) Core(TM) i5-8250U CPU @ 1.60GHz, 8 cores, 7G,  Windows 10 , 64 bit Build 19041 (10.0.19041.2251)
Time: Thu Dec 29 20:53:09 2022 India Standard Time elapsed time: 0.017118 seconds (0d 0h 0m 0s)

---------------  T H R E A D  ---------------

Current thread (0x0000029a0b75a6d0):  JavaThread "Unknown thread" [_thread_in_vm, id=14816, stack(0x000000de6be00000,0x000000de6bf00000)]

Stack: [0x000000de6be00000,0x000000de6bf00000]
Native frames: (J=compiled Java code, j=interpreted, Vv=VM code, C=native code)
V  [jvm.dll+0x676b3a]
V  [jvm.dll+0x831444]
V  [jvm.dll+0x832bee]
V  [jvm.dll+0x833253]
V  [jvm.dll+0x244ce5]
V  [jvm.dll+0x673a49]
V  [jvm.dll+0x66811a]
V  [jvm.dll+0x303ceb]
V  [jvm.dll+0x30b1e6]
V  [jvm.dll+0x35adbe]
V  [jvm.dll+0x35afef]
V  [jvm.dll+0x2dab88]
V  [jvm.dll+0x2dbaf4]
V  [jvm.dll+0x803121]
V  [jvm.dll+0x368bb1]
V  [jvm.dll+0x7e265c]
V  [jvm.dll+0x3eb17f]
V  [jvm.dll+0x3eccc1]
C  [jli.dll+0x5267]
C  [ucrtbase.dll+0x21bb2]
C  [KERNEL32.DLL+0x174b4]
C  [ntdll.dll+0x526a1]


---------------  P R O C E S S  ---------------

Threads class SMR info:
_java_thread_list=0x00007ff9f6922f18, length=0, elements={
}

Java Threads: ( => current thread )

Other Threads:
  0x0000029a0b7b7740 GCTaskThread "GC Thread#0" [stack: 0x000000de6bf00000,0x000000de6c000000] [id=9132]
  0x0000029a0b7c9a30 ConcurrentGCThread "G1 Main Marker" [stack: 0x000000de6c000000,0x000000de6c100000] [id=12732]
  0x0000029a0b7ca440 ConcurrentGCThread "G1 Conc#0" [stack: 0x000000de6c100000,0x000000de6c200000] [id=8004]

[error occurred during error reporting (printing all threads), id 0xc0000005, EXCEPTION_ACCESS_VIOLATION (0xc0000005) at pc=0x00007ff9f60fb617]

VM state: not at safepoint (not fully initialized)

VM Mutex/Monitor currently owned by a thread:  ([mutex/lock_event])
[0x0000029a0b7566a0] Heap_lock - owner thread: 0x0000029a0b75a6d0

Heap address: 0x0000000082000000, size: 2016 MB, Compressed Oops mode: 32-bit

CDS archive(s) mapped at: [0x0000000000000000-0x0000000000000000-0x0000000000000000), size 0, SharedBaseAddress: 0x0000000800000000, ArchiveRelocationMode: 0.
Narrow klass base: 0x0000000000000000, Narrow klass shift: 0, Narrow klass range: 0x0

GC Precious Log:
<Empty>

Heap:
 garbage-first heap   total 0K, used 0K [0x0000000082000000, 0x0000000100000000)
  region size 1024K, 0 young (0K), 0 survivors (0K)

[error occurred during error reporting (printing heap information), id 0xc0000005, EXCEPTION_ACCESS_VIOLATION (0xc0000005) at pc=0x00007ff9f64dfcb9]

GC Heap History (0 events):
No events

Dll operation events (1 events):
Event: 0.011 Loaded shared library C:\Users\indra\.p2\pool\plugins\org.eclipse.justj.openjdk.hotspot.jre.full.win32.x86_64_17.0.5.v20221102-0933\jre\bin\java.dll

Deoptimization events (0 events):
No events

Classes unloaded (0 events):
No events

Classes redefined (0 events):
No events

Internal exceptions (0 events):
No events

VM Operations (0 events):
No events

Events (0 events):
No events


Dynamic libraries:
0x00007ff666750000 - 0x00007ff66675e000 	C:\Users\indra\.p2\pool\plugins\org.eclipse.justj.openjdk.hotspot.jre.full.win32.x86_64_17.0.5.v20221102-0933\jre\bin\javaw.exe
0x00007ffa4e150000 - 0x00007ffa4e348000 	C:\WINDOWS\SYSTEM32\ntdll.dll
0x00007ffa4c1a0000 - 0x00007ffa4c25f000 	C:\WINDOWS\System32\KERNEL32.DLL
0x00007ffa4bd20000 - 0x00007ffa4bff2000 	C:\WINDOWS\System32\KERNELBASE.dll
0x00007ffa4c070000 - 0x00007ffa4c170000 	C:\WINDOWS\System32\ucrtbase.dll
0x00007ffa26d40000 - 0x00007ffa26d57000 	C:\Users\indra\.p2\pool\plugins\org.eclipse.justj.openjdk.hotspot.jre.full.win32.x86_64_17.0.5.v20221102-0933\jre\bin\jli.dll
0x00007ffa28e00000 - 0x00007ffa28e19000 	C:\Users\indra\.p2\pool\plugins\org.eclipse.justj.openjdk.hotspot.jre.full.win32.x86_64_17.0.5.v20221102-0933\jre\bin\VCRUNTIME140.dll
0x00007ffa4d490000 - 0x00007ffa4d62d000 	C:\WINDOWS\System32\USER32.dll
0x00007ffa4c170000 - 0x00007ffa4c192000 	C:\WINDOWS\System32\win32u.dll
0x00007ffa4c580000 - 0x00007ffa4c5ab000 	C:\WINDOWS\System32\GDI32.dll
0x00007ffa32760000 - 0x00007ffa329fa000 	C:\WINDOWS\WinSxS\amd64_microsoft.windows.common-controls_6595b64144ccf1df_6.0.19041.1110_none_60b5254171f9507e\COMCTL32.dll
0x00007ffa4bb20000 - 0x00007ffa4bc2f000 	C:\WINDOWS\System32\gdi32full.dll
0x00007ffa4d240000 - 0x00007ffa4d2de000 	C:\WINDOWS\System32\msvcrt.dll
0x00007ffa4bc80000 - 0x00007ffa4bd1d000 	C:\WINDOWS\System32\msvcp_win.dll
0x00007ffa4c540000 - 0x00007ffa4c572000 	C:\WINDOWS\System32\IMM32.DLL
0x00007ffa320b0000 - 0x00007ffa320bc000 	C:\Users\indra\.p2\pool\plugins\org.eclipse.justj.openjdk.hotspot.jre.full.win32.x86_64_17.0.5.v20221102-0933\jre\bin\vcruntime140_1.dll
0x00007ffa0ecd0000 - 0x00007ffa0ed61000 	C:\Users\indra\.p2\pool\plugins\org.eclipse.justj.openjdk.hotspot.jre.full.win32.x86_64_17.0.5.v20221102-0933\jre\bin\msvcp140.dll
0x00007ff9f5e10000 - 0x00007ff9f6a54000 	C:\Users\indra\.p2\pool\plugins\org.eclipse.justj.openjdk.hotspot.jre.full.win32.x86_64_17.0.5.v20221102-0933\jre\bin\server\jvm.dll
0x00007ffa4c5b0000 - 0x00007ffa4c65e000 	C:\WINDOWS\System32\ADVAPI32.dll
0x00007ffa4e070000 - 0x00007ffa4e10c000 	C:\WINDOWS\System32\sechost.dll
0x00007ffa4c660000 - 0x00007ffa4c785000 	C:\WINDOWS\System32\RPCRT4.dll
0x00007ffa47e20000 - 0x00007ffa47e29000 	C:\WINDOWS\SYSTEM32\WSOCK32.dll
0x00007ffa468c0000 - 0x00007ffa468e7000 	C:\WINDOWS\SYSTEM32\WINMM.dll
0x00007ffa4d2e0000 - 0x00007ffa4d34b000 	C:\WINDOWS\System32\WS2_32.dll
0x00007ffa451e0000 - 0x00007ffa451ea000 	C:\WINDOWS\SYSTEM32\VERSION.dll
0x00007ffa4a0b0000 - 0x00007ffa4a0c2000 	C:\WINDOWS\SYSTEM32\kernel.appcore.dll
0x00007ffa46360000 - 0x00007ffa4636a000 	C:\Users\indra\.p2\pool\plugins\org.eclipse.justj.openjdk.hotspot.jre.full.win32.x86_64_17.0.5.v20221102-0933\jre\bin\jimage.dll
0x00007ffa495c0000 - 0x00007ffa497a4000 	C:\WINDOWS\SYSTEM32\DBGHELP.DLL
0x00007ffa36cb0000 - 0x00007ffa36cdc000 	C:\WINDOWS\SYSTEM32\dbgcore.DLL
0x00007ffa4b9b0000 - 0x00007ffa4ba32000 	C:\WINDOWS\System32\bcryptPrimitives.dll
0x00007ffa265b0000 - 0x00007ffa265eb000 	C:\Users\indra\.p2\pool\plugins\org.eclipse.justj.openjdk.hotspot.jre.full.win32.x86_64_17.0.5.v20221102-0933\jre\bin\jdwp.dll
0x00007ffa31ca0000 - 0x00007ffa31cae000 	C:\Users\indra\.p2\pool\plugins\org.eclipse.justj.openjdk.hotspot.jre.full.win32.x86_64_17.0.5.v20221102-0933\jre\bin\instrument.dll
0x00007ffa44a80000 - 0x00007ffa44aa5000 	C:\Users\indra\.p2\pool\plugins\org.eclipse.justj.openjdk.hotspot.jre.full.win32.x86_64_17.0.5.v20221102-0933\jre\bin\java.dll

dbghelp: loaded successfully - version: 4.0.5 - missing functions: none
symbol engine: initialized successfully - sym options: 0x614 - pdb path: .;C:\Users\indra\.p2\pool\plugins\org.eclipse.justj.openjdk.hotspot.jre.full.win32.x86_64_17.0.5.v20221102-0933\jre\bin;C:\WINDOWS\SYSTEM32;C:\WINDOWS\WinSxS\amd64_microsoft.windows.common-controls_6595b64144ccf1df_6.0.19041.1110_none_60b5254171f9507e;C:\Users\indra\.p2\pool\plugins\org.eclipse.justj.openjdk.hotspot.jre.full.win32.x86_64_17.0.5.v20221102-0933\jre\bin\server

VM Arguments:
jvm_args: -XX:+ShowCodeDetailsInExceptionMessages -agentlib:jdwp=transport=dt_socket,suspend=y,address=localhost:54252 -javaagent:C:\Users\indra\eclipse\java-2022-092\eclipse\configuration\org.eclipse.osgi\228\0\.cp\lib\javaagent-shaded.jar -Dfile.encoding=UTF-8 --module-path=C:\Users\indra\eclipse-workspace\exceptionhandeling\bin -Djdk.module.main=exceptionhandeling 
java_command: exceptionhandeling/exceptionhandeling.Demo
java_class_path (initial): <not set>
Launcher Type: SUN_STANDARD

[Global flags]
     intx CICompilerCount                          = 4                                         {product} {ergonomic}
     uint ConcGCThreads                            = 2                                         {product} {ergonomic}
     uint G1ConcRefinementThreads                  = 8                                         {product} {ergonomic}
   size_t G1HeapRegionSize                         = 1048576                                   {product} {ergonomic}
    uintx GCDrainStackTargetSize                   = 64                                        {product} {ergonomic}
   size_t InitialHeapSize                          = 132120576                                 {product} {ergonomic}
   size_t MarkStackSize                            = 4194304                                   {product} {ergonomic}
   size_t MaxHeapSize                              = 2113929216                                {product} {ergonomic}
   size_t MinHeapDeltaBytes                        = 1048576                                   {product} {ergonomic}
   size_t MinHeapSize                              = 8388608                                   {product} {ergonomic}
    uintx NonNMethodCodeHeapSize                   = 5839372                                {pd product} {ergonomic}
    uintx NonProfiledCodeHeapSize                  = 122909434                              {pd product} {ergonomic}
    uintx ProfiledCodeHeapSize                     = 122909434                              {pd product} {ergonomic}
    uintx ReservedCodeCacheSize                    = 251658240                              {pd product} {ergonomic}
     bool SegmentedCodeCache                       = true                                      {product} {ergonomic}
     bool ShowCodeDetailsInExceptionMessages       = true                                   {manageable} {command line}
   size_t SoftMaxHeapSize                          = 2113929216                             {manageable} {ergonomic}
     bool UseCompressedClassPointers               = true                           {product lp64_product} {ergonomic}
     bool UseCompressedOops                        = true                           {product lp64_product} {ergonomic}
     bool UseG1GC                                  = true                                      {product} {ergonomic}
     bool UseLargePagesIndividualAllocation        = false                                  {pd product} {ergonomic}

Logging:
Log output configuration:
 #0: stdout all=warning uptime,level,tags
 #1: stderr all=off uptime,level,tags

Environment Variables:
PATH=C:\Users\indra\.p2\pool\plugins\org.eclipse.justj.openjdk.hotspot.jre.full.win32.x86_64_17.0.5.v20221102-0933\jre\bin;C:/Users/indra/.p2/pool/plugins/org.eclipse.justj.openjdk.hotspot.jre.full.win32.x86_64_17.0.5.v20221102-0933/jre/bin/server;C:/Users/indra/.p2/pool/plugins/org.eclipse.justj.openjdk.hotspot.jre.full.win32.x86_64_17.0.5.v20221102-0933/jre/bin;C:\Program Files (x86)\Common Files\Oracle\Java\javapath;C:\WINDOWS\system32;C:\WINDOWS;C:\WINDOWS\System32\Wbem;C:\WINDOWS\System32\WindowsPowerShell\v1.0\;C:\WINDOWS\System32\OpenSSH\;C:\Program Files (x86)\Intel\Intel(R) Management Engine Components\DAL;C:\Program Files\Intel\Intel(R) Management Engine Components\DAL;C:\Program Files (x86)\Intel\Intel(R) Management Engine Components\IPT;C:\Program Files\Intel\Intel(R) Management Engine Components\IPT;C:\Program Files (x86)\Tesseract-OCR;C:\Program Files\poppler-0.67.0\bin;C:\Users\anuja\AppData\Local\Programs\Python\Python39\Scripts;C:\Program Files\dotnet\;C:\Users\indra\AppData\Local\Microsoft\WindowsApps;;C:\Users\indra\AppData\Local\Programs\Microsoft VS Code\bin;C:\WINDOWS\system32;
USERNAME=indra
OS=Windows_NT
PROCESSOR_IDENTIFIER=Intel64 Family 6 Model 142 Stepping 10, GenuineIntel
TMP=C:\Users\indra\AppData\Local\Temp
TEMP=C:\Users\indra\AppData\Local\Temp



---------------  S Y S T E M  ---------------

OS:
 Windows 10 , 64 bit Build 19041 (10.0.19041.2251)
OS uptime: 0 days 12:10 hours

CPU: total 8 (initial active 8) (4 cores per cpu, 2 threads per core) family 6 model 142 stepping 10 microcode 0xe0, cx8, cmov, fxsr, ht, mmx, 3dnowpref, sse, sse2, sse3, ssse3, sse4.1, sse4.2, popcnt, lzcnt, tsc, tscinvbit, avx, avx2, aes, erms, clmul, bmi1, bmi2, adx, fma, vzeroupper, clflush, clflushopt

Memory: 4k page, system-wide physical 8060M (937M free)
TotalPageFile size 8060M (AvailPageFile size 40M)
current process WorkingSet (physical memory assigned to process): 11M, peak: 11M
current process commit charge ("private bytes"): 60M, peak: 186M

vm_info: OpenJDK 64-Bit Server VM (17.0.5+8) for windows-amd64 JRE (17.0.5+8), built on Oct 19 2022 04:48:13 by "temurin" with MS VC++ 16.7 (VS2019)

END.
